Performing C SOURCE FILE Test CMAKE_HAVE_LIBC_PTHREAD failed with the following output:
Change Dir: /home/what/下载/catkin_ws/src/windmill_controller/cmake-build-debug/CMakeFiles/CMakeTmp

Run Build Command(s):/home/what/下载/clion-2022.2.4/bin/ninja/linux/ninja cmTC_597df && [1/2] Building C object CMakeFiles/cmTC_597df.dir/src.c.o
[2/2] Linking C executable cmTC_597df
FAILED: cmTC_597df
: && /usr/bin/cc  -rdynamic CMakeFiles/cmTC_597df.dir/src.c.o -o cmTC_597df   && :
/usr/bin/ld: CMakeFiles/cmTC_597df.dir/src.c.o: in function `main':
src.c:(.text+0x46): undefined reference to `pthread_create'
/usr/bin/ld: src.c:(.text+0x52): undefined reference to `pthread_detach'
/usr/bin/ld: src.c:(.text+0x5e): undefined reference to `pthread_cancel'
/usr/bin/ld: src.c:(.text+0x6f): undefined reference to `pthread_join'
collect2: error: ld returned 1 exit status
ninja: build stopped: subcommand failed.


Source file was:
#include <pthread.h>

static void* test_func(void* data)
{
  return data;
}

int main(void)
{
  pthread_t thread;
  pthread_create(&thread, NULL, test_func, NULL);
  pthread_detach(thread);
  pthread_cancel(thread);
  pthread_join(thread, NULL);
  pthread_atfork(NULL, NULL, NULL);
  pthread_exit(NULL);

  return 0;
}

Determining if the function pthread_create exists in the pthreads failed with the following output:
Change Dir: /home/what/下载/catkin_ws/src/windmill_controller/cmake-build-debug/CMakeFiles/CMakeTmp

Run Build Command(s):/home/what/下载/clion-2022.2.4/bin/ninja/linux/ninja cmTC_bb040 && [1/2] Building C object CMakeFiles/cmTC_bb040.dir/CheckFunctionExists.c.o
[2/2] Linking C executable cmTC_bb040
FAILED: cmTC_bb040
: && /usr/bin/cc -DCHECK_FUNCTION_EXISTS=pthread_create -rdynamic CMakeFiles/cmTC_bb040.dir/CheckFunctionExists.c.o -o cmTC_bb040  -lpthreads && :
/usr/bin/ld: 找不到 -lpthreads
collect2: error: ld returned 1 exit status
ninja: build stopped: subcommand failed.



